{"logLevel":"debug","message":"multithreading is set to false"}
{"logLevel":"debug","message":"Using reflection to scan dependencies for gauge implementations..."}
log4j:WARN No appenders could be found for logger (io.grpc.netty.shaded.io.netty.util.internal.PlatformDependent0).
log4j:WARN Please initialize the log4j system properly.
log4j:WARN See http://logging.apache.org/log4j/1.2/faq.html#noconfig for more info.
SLF4J: A number (4) of logging calls during the initialization phase have been intercepted and are
SLF4J: now being replayed. These are subject to the filtering rules of the underlying logging system.
SLF4J: See also http://www.slf4j.org/codes.html#replay
{"logLevel":"debug","message":"gauge-java took 3627milliseconds to load and scan. This should be less than 'runner_connection_timeout' config value."}
{"logLevel":"debug","message":"run 'gauge config runner_connection_timeout' and verify that it is < 3627"}
{"logLevel":"debug","message":"starting gRPC server..."}
{"logLevel":"debug","message":"started gRPC server on port 61563"}
{"logLevel":"info","message":"Listening on port:61563"}
{"logLevel":"debug","message":"Scanning packages for steps"}
{"logLevel":"debug","message":"Comparing 'StepImplementation.clickOneWay' and 'StepImplementation.clickOneWay'"}
{"logLevel":"debug","message":"Found XPath'li One-Way Seyahat Tipine Týkla in current project scope."}
{"logLevel":"debug","message":"Comparing 'StepImplementation.clickBook' and 'StepImplementation.clickBook'"}
{"logLevel":"debug","message":"Found {} ID'li Book Tabanýna Geçiþ Yap in current project scope."}
{"logLevel":"debug","message":"Comparing 'StepImplementation.clickDecline' and 'StepImplementation.clickDecline'"}
{"logLevel":"debug","message":"Found {} ID'li Decline'a Bas in current project scope."}
{"logLevel":"debug","message":"Comparing 'StepImplementation.from' and 'StepImplementation.from'"}
{"logLevel":"debug","message":"Found Kalkýþ Yeri Seçme Seçeneðine Bas in current project scope."}
{"logLevel":"debug","message":"Comparing 'StepImplementation.waitForSeconds' and 'StepImplementation.waitForSeconds'"}
{"logLevel":"debug","message":"Found {} saniye kadar bekle in current project scope."}
{"logLevel":"debug","message":"Comparing 'StepImplementation.sendKeyBerlin' and 'StepImplementation.sendKeyBerlin'"}
{"logLevel":"debug","message":"Found Arama Yerine {} Yaz in current project scope."}
{"logLevel":"debug","message":"Comparing 'StepImplementation.checkApp' and 'StepImplementation.checkApp'"}
{"logLevel":"debug","message":"Found Uygulamanýn Açýldýðýný Kontrol Et in current project scope."}
{"logLevel":"debug","message":"Scanning packages for hooks"}
{"logLevel":"debug","message":"Scanned steps (using static parsing + reflections): "}
{"logLevel":"debug","message":"\t{} ID'li Decline'a Bas : public void clickDecline(String ID)"}
{"logLevel":"debug","message":"\tUygulamanýn Açýldýðýný Kontrol Et : public void checkApp()"}
{"logLevel":"debug","message":"\tKalkýþ Yeri Seçme Seçeneðine Bas : public void from()"}
{"logLevel":"debug","message":"\tXPath'li One-Way Seyahat Tipine Týkla : public void clickOneWay()"}
{"logLevel":"debug","message":"\t{} saniye kadar bekle : public void waitForSeconds(ýnt x) throws InterruptedException"}
{"logLevel":"debug","message":"\tArama Yerine {} Yaz : public void sendKeyBerlin(String value)"}
{"logLevel":"debug","message":"\t{} ID'li Book Tabanýna Geçiþ Yap : public void clickBook(String ID)"}
2022-12-25 23:35:15,082 +03:00 INFO  BaseTest:22 setup - ----------Local'de Android Emulator Testi Baslatiliyor----------
----------Local'de Android Emulator Testi Baslatiliyor----------
Ara 25, 2022 11:35:37 ÖS io.appium.java_client.remote.AppiumCommandExecutor$1 lambda$0
INFO: Detected dialect: W3C
{"logLevel":"debug","message":"Executing '{} saniye kadar bekle' using 'class StepImplementation.waitForSeconds"}
{"logLevel":"debug","message":"Executing 'Uygulamanýn Açýldýðýný Kontrol Et' using 'class StepImplementation.checkApp"}
2022-12-25 23:35:42,165 +03:00 INFO  StepImplementation:21 checkApp - Uygulama Basariyla Baslatildi
Uygulama Basariyla Baslatildi
{"logLevel":"debug","message":"Executing '{} ID'li Decline'a Bas' using 'class StepImplementation.clickDecline"}
{"logLevel":"debug","message":"Executing '{} ID'li Book Tabanýna Geçiþ Yap' using 'class StepImplementation.clickBook"}
2022-12-25 23:35:45,257 +03:00 INFO  BaseTest:35 tearDown - ----------Android Emulator Testi Sonlandiriliyor----------
----------Android Emulator Testi Sonlandiriliyor----------
{"logLevel":"debug","message":"Killing Java runner..."}
{"logLevel":"debug","message":"Stopping execution pool..."}
{"logLevel":"debug","message":"Shutting down grpc server..."}
{"logLevel":"debug","message":"Runner killed gracefully."}
